{
  "RSpec": {
    "coverage": {
      "/home/vish/Documents/sites/phi_vault_api/app/middleware/rate_limiter.rb": {
        "lines": [
          null,
          null,
          1,
          1,
          1,
          2,
          null,
          null,
          1,
          0,
          null,
          null,
          0,
          null,
          null,
          null
        ]
      },
      "/home/vish/Documents/sites/phi_vault_api/app/controllers/api/v1/auth_controller.rb": {
        "lines": [
          0,
          0,
          0,
          null,
          0,
          0,
          0,
          0,
          0,
          0,
          0,
          0
        ],
        "branches": {}
      },
      "/home/vish/Documents/sites/phi_vault_api/app/controllers/api/v1/consents_controller.rb": {
        "lines": [
          0,
          0,
          0,
          0,
          0
        ],
        "branches": {}
      },
      "/home/vish/Documents/sites/phi_vault_api/app/controllers/api/v1/patients_controller.rb": {
        "lines": [
          0,
          0,
          0,
          0,
          0,
          null,
          0,
          0,
          null,
          0,
          0,
          null,
          0,
          null,
          0,
          0,
          0,
          0,
          0,
          0,
          0,
          0,
          null,
          0,
          null,
          0,
          0,
          0,
          0
        ],
        "branches": {}
      },
      "/home/vish/Documents/sites/phi_vault_api/app/controllers/api/v1/phi_records_controller.rb": {
        "lines": [
          0,
          0,
          null,
          0,
          0,
          null,
          0,
          null,
          0,
          0,
          0,
          0,
          0,
          0,
          0,
          null,
          0,
          0,
          null,
          0,
          null,
          0,
          0,
          null,
          0,
          0,
          null,
          0,
          0,
          null,
          0,
          null,
          0,
          0,
          null,
          0,
          0,
          null,
          0,
          null,
          0,
          0,
          null,
          0,
          null,
          0,
          0,
          null,
          0,
          0,
          0,
          null,
          0,
          0,
          0
        ],
        "branches": {}
      },
      "/home/vish/Documents/sites/phi_vault_api/app/controllers/application_controller.rb": {
        "lines": [
          0,
          0,
          null,
          0,
          null,
          0,
          null,
          null,
          0,
          0,
          0,
          null,
          0,
          null,
          0,
          0,
          0,
          0,
          0,
          0,
          0,
          null,
          null,
          0,
          0,
          0,
          0,
          0,
          null,
          null,
          0,
          0,
          0,
          0
        ],
        "branches": {}
      },
      "/home/vish/Documents/sites/phi_vault_api/app/jobs/application_job.rb": {
        "lines": [
          0,
          null,
          null,
          null,
          null,
          null,
          0
        ],
        "branches": {}
      },
      "/home/vish/Documents/sites/phi_vault_api/app/jobs/process_phi_job.rb": {
        "lines": [
          0,
          0,
          null,
          0,
          null,
          0,
          0,
          null,
          0,
          0,
          null,
          0,
          0,
          null,
          0,
          null,
          0,
          0,
          0,
          0,
          0,
          0
        ],
        "branches": {}
      },
      "/home/vish/Documents/sites/phi_vault_api/app/mailers/application_mailer.rb": {
        "lines": [
          0,
          0,
          0,
          0
        ],
        "branches": {}
      },
      "/home/vish/Documents/sites/phi_vault_api/app/models/application_record.rb": {
        "lines": [
          0,
          0,
          0
        ],
        "branches": {}
      },
      "/home/vish/Documents/sites/phi_vault_api/app/models/audit_log.rb": {
        "lines": [
          0,
          0
        ],
        "branches": {}
      },
      "/home/vish/Documents/sites/phi_vault_api/app/models/consent.rb": {
        "lines": [
          0,
          0,
          0
        ],
        "branches": {}
      },
      "/home/vish/Documents/sites/phi_vault_api/app/models/patient.rb": {
        "lines": [
          0,
          0
        ],
        "branches": {}
      },
      "/home/vish/Documents/sites/phi_vault_api/app/models/phi_record.rb": {
        "lines": [
          null,
          0,
          0,
          0,
          0,
          0,
          null,
          0,
          0,
          0,
          0
        ],
        "branches": {}
      },
      "/home/vish/Documents/sites/phi_vault_api/app/models/user.rb": {
        "lines": [
          0,
          0
        ],
        "branches": {}
      },
      "/home/vish/Documents/sites/phi_vault_api/app/policies/authorization.rb": {
        "lines": [
          null,
          0,
          0,
          0,
          0,
          0
        ],
        "branches": {}
      },
      "/home/vish/Documents/sites/phi_vault_api/app/services/encryption_service.rb": {
        "lines": [
          null,
          0,
          0,
          null,
          0,
          0,
          0,
          null,
          0,
          0,
          0,
          null,
          0,
          0,
          0,
          0
        ],
        "branches": {}
      },
      "/home/vish/Documents/sites/phi_vault_api/app/services/idempotency_service.rb": {
        "lines": [
          null,
          0,
          0,
          0,
          0,
          null,
          0,
          0,
          0
        ],
        "branches": {}
      },
      "/home/vish/Documents/sites/phi_vault_api/app/services/jwt_service.rb": {
        "lines": [
          null,
          0,
          0,
          null,
          0,
          0,
          0,
          0,
          null,
          0,
          0,
          0,
          0
        ],
        "branches": {}
      }
    },
    "timestamp": 1774882247
  }
}
